<?xml version="1.0" encoding="UTF-8"?>
<!-- Generated by org.testng.reporters.JUnitXMLReporter -->
<testsuite ignored="0" hostname="DESKTOP-UQEQ5BK" failures="0" tests="3" name="Default test" time="33.168" errors="0" timestamp="2025-08-11T11:31:22 IST">
  <testcase classname="Campaign.CampaignTest" name="tocreatecampaignwithexpecteddate" time="5.294"/>
  <testcase classname="Campaign.CampaignTest" name="tocreatecampaignwithmftest" time="1.531"/>
  <testcase classname="Campaign.CampaignTest" name="tocreatecampaignwithstatus" time="2.304"/>
</testsuite> <!-- Default test -->
