<?xml version="1.0" encoding="UTF-8"?>
<!-- Generated by org.testng.reporters.JUnitXMLReporter -->
<testsuite ignored="0" hostname="DESKTOP-UQEQ5BK" failures="0" tests="3" name="Default test" time="21.426" errors="0" timestamp="2025-08-04T20:18:50 IST">
  <testcase classname="Campaign.CampaignTest" name="tocreatecampaignwithmf" time="3.393"/>
  <testcase classname="Campaign.CampaignTest" name="tocreatecampaignwithstatus" time="1.856"/>
  <testcase classname="Campaign.CampaignTest" name="tocreatecampaignwithexpecteddate" time="2.183"/>
</testsuite> <!-- Default test -->
