<?xml version="1.0" encoding="UTF-8"?>
<!-- Generated by org.testng.reporters.JUnitXMLReporter -->
<testsuite ignored="2" hostname="DESKTOP-UQEQ5BK" failures="0" tests="4" name="Test" time="32.139" errors="0" timestamp="2025-08-04T19:40:15 IST">
  <testcase classname="Product.ProductTest" name="tocreateproduct" time="4.714"/>
  <testcase classname="Campaign.CampaignTest" name="tocreatecampaignwithexpecteddate" time="2.339"/>
  <testcase classname="Campaign.CampaignTest" name="tocreatecampaignwithmf" time="1.37"/>
  <testcase classname="Campaign.CampaignTest" name="tocreatecampaignwithstatus" time="1.543"/>
  <testcase classname="Basetest.BaceClass" name="@BeforeSuite beforesuite" time="0.0">
    <ignored/>
  </testcase> <!-- @BeforeSuite beforesuite -->
  <testcase classname="Basetest.BaceClass" name="@AfterSuite aftersuite" time="0.0">
    <ignored/>
  </testcase> <!-- @AfterSuite aftersuite -->
</testsuite> <!-- Test -->
