<?xml version="1.0" encoding="UTF-8"?>
<testng-results ignored="0" total="3" passed="3" failed="0" skipped="0">
  <reporter-output>
  </reporter-output>
  <suite started-at="2025-08-04T20:18:29 IST" name="Default suite" finished-at="2025-08-04T20:18:50 IST" duration-ms="21426">
    <groups>
    </groups>
    <test started-at="2025-08-04T20:18:29 IST" name="Default test" finished-at="2025-08-04T20:18:50 IST" duration-ms="21426">
      <class name="Campaign.CampaignTest">
        <test-method is-config="true" signature="beforesuite()[pri:0, instance:Campaign.CampaignTest@6a2f6f80]" started-at="2025-08-04T20:18:29 IST" name="beforesuite" finished-at="2025-08-04T20:18:29 IST" duration-ms="17" status="PASS">
          <reporter-output>
          </reporter-output>
        </test-method> <!-- beforesuite -->
        <test-method is-config="true" signature="beforeclass()[pri:0, instance:Campaign.CampaignTest@6a2f6f80]" started-at="2025-08-04T20:18:29 IST" name="beforeclass" finished-at="2025-08-04T20:18:33 IST" duration-ms="4455" status="PASS">
          <reporter-output>
          </reporter-output>
        </test-method> <!-- beforeclass -->
        <test-method is-config="true" signature="beforemethod()[pri:0, instance:Campaign.CampaignTest@6a2f6f80]" started-at="2025-08-04T20:18:33 IST" name="beforemethod" finished-at="2025-08-04T20:18:36 IST" duration-ms="3066" status="PASS">
          <reporter-output>
          </reporter-output>
        </test-method> <!-- beforemethod -->
        <test-method signature="tocreatecampaignwithmf()[pri:1, instance:Campaign.CampaignTest@6a2f6f80]" started-at="2025-08-04T20:18:36 IST" name="tocreatecampaignwithmf" finished-at="2025-08-04T20:18:40 IST" duration-ms="3393" status="PASS">
          <reporter-output>
          </reporter-output>
        </test-method> <!-- tocreatecampaignwithmf -->
        <test-method is-config="true" signature="aftermethod()[pri:0, instance:Campaign.CampaignTest@6a2f6f80]" started-at="2025-08-04T20:18:40 IST" name="aftermethod" finished-at="2025-08-04T20:18:41 IST" duration-ms="1213" status="PASS">
          <reporter-output>
          </reporter-output>
        </test-method> <!-- aftermethod -->
        <test-method is-config="true" signature="beforemethod()[pri:0, instance:Campaign.CampaignTest@6a2f6f80]" started-at="2025-08-04T20:18:41 IST" name="beforemethod" finished-at="2025-08-04T20:18:42 IST" duration-ms="1301" status="PASS">
          <reporter-output>
          </reporter-output>
        </test-method> <!-- beforemethod -->
        <test-method signature="tocreatecampaignwithstatus()[pri:2, instance:Campaign.CampaignTest@6a2f6f80]" started-at="2025-08-04T20:18:42 IST" name="tocreatecampaignwithstatus" finished-at="2025-08-04T20:18:44 IST" duration-ms="1856" status="PASS">
          <reporter-output>
          </reporter-output>
        </test-method> <!-- tocreatecampaignwithstatus -->
        <test-method is-config="true" signature="aftermethod()[pri:0, instance:Campaign.CampaignTest@6a2f6f80]" started-at="2025-08-04T20:18:44 IST" name="aftermethod" finished-at="2025-08-04T20:18:45 IST" duration-ms="882" status="PASS">
          <reporter-output>
          </reporter-output>
        </test-method> <!-- aftermethod -->
        <test-method is-config="true" signature="beforemethod()[pri:0, instance:Campaign.CampaignTest@6a2f6f80]" started-at="2025-08-04T20:18:45 IST" name="beforemethod" finished-at="2025-08-04T20:18:46 IST" duration-ms="1231" status="PASS">
          <reporter-output>
          </reporter-output>
        </test-method> <!-- beforemethod -->
        <test-method signature="tocreatecampaignwithexpecteddate()[pri:3, instance:Campaign.CampaignTest@6a2f6f80]" started-at="2025-08-04T20:18:46 IST" name="tocreatecampaignwithexpecteddate" finished-at="2025-08-04T20:18:48 IST" duration-ms="2183" status="PASS">
          <reporter-output>
          </reporter-output>
        </test-method> <!-- tocreatecampaignwithexpecteddate -->
        <test-method is-config="true" signature="aftermethod()[pri:0, instance:Campaign.CampaignTest@6a2f6f80]" started-at="2025-08-04T20:18:48 IST" name="aftermethod" finished-at="2025-08-04T20:18:49 IST" duration-ms="1075" status="PASS">
          <reporter-output>
          </reporter-output>
        </test-method> <!-- aftermethod -->
        <test-method is-config="true" signature="afterclass()[pri:0, instance:Campaign.CampaignTest@6a2f6f80]" started-at="2025-08-04T20:18:50 IST" name="afterclass" finished-at="2025-08-04T20:18:50 IST" duration-ms="674" status="PASS">
          <reporter-output>
          </reporter-output>
        </test-method> <!-- afterclass -->
        <test-method is-config="true" signature="aftersuite()[pri:0, instance:Campaign.CampaignTest@6a2f6f80]" started-at="2025-08-04T20:18:50 IST" name="aftersuite" finished-at="2025-08-04T20:18:50 IST" duration-ms="0" status="PASS">
          <reporter-output>
          </reporter-output>
        </test-method> <!-- aftersuite -->
      </class> <!-- Campaign.CampaignTest -->
    </test> <!-- Default test -->
  </suite> <!-- Default suite -->
</testng-results>
