<?xml version="1.0" encoding="UTF-8"?>
<testng-results ignored="1" total="4" passed="3" failed="0" skipped="0">
  <reporter-output>
  </reporter-output>
  <suite started-at="2025-08-06T19:36:57 IST" name="Suite" finished-at="2025-08-06T19:37:42 IST" duration-ms="45622">
    <groups>
      <group name="smoke">
        <method signature="CampaignTest.tocreatecampaignwithexpecteddate()[pri:0, instance:Campaign.CampaignTest@757277dc]" name="tocreatecampaignwithexpecteddate" class="Campaign.CampaignTest"/>
        <method signature="CampaignTest.tocreatecampaignwithmftest()[pri:0, instance:Campaign.CampaignTest@757277dc]" name="tocreatecampaignwithmftest" class="Campaign.CampaignTest"/>
        <method signature="ProductTest.tocreateproduct()[pri:0, instance:Product.ProductTest@561b6512]" name="tocreateproduct" class="Product.ProductTest"/>
      </group> <!-- smoke -->
    </groups>
    <test started-at="2025-08-06T19:36:57 IST" name="Test" finished-at="2025-08-06T19:37:42 IST" duration-ms="45622">
      <class name="Product.ProductTest">
        <test-method is-config="true" signature="beforesuite()[pri:0, instance:Product.ProductTest@561b6512]" started-at="2025-08-06T19:36:57 IST" name="beforesuite" finished-at="2025-08-06T19:36:57 IST" duration-ms="13" status="PASS">
          <reporter-output>
          </reporter-output>
        </test-method> <!-- beforesuite -->
        <test-method is-config="true" signature="beforeclass()[pri:0, instance:Product.ProductTest@561b6512]" started-at="2025-08-06T19:36:57 IST" name="beforeclass" finished-at="2025-08-06T19:37:06 IST" duration-ms="9209" status="PASS">
          <reporter-output>
          </reporter-output>
        </test-method> <!-- beforeclass -->
        <test-method is-config="true" signature="beforemethod()[pri:0, instance:Product.ProductTest@561b6512]" started-at="2025-08-06T19:37:06 IST" name="beforemethod" finished-at="2025-08-06T19:37:10 IST" duration-ms="4345" status="PASS">
          <reporter-output>
          </reporter-output>
        </test-method> <!-- beforemethod -->
        <test-method signature="tocreateproduct()[pri:0, instance:Product.ProductTest@561b6512]" started-at="2025-08-06T19:37:10 IST" name="tocreateproduct" finished-at="2025-08-06T19:37:17 IST" duration-ms="6457" status="PASS">
          <reporter-output>
          </reporter-output>
        </test-method> <!-- tocreateproduct -->
        <test-method is-config="true" signature="aftermethod()[pri:0, instance:Product.ProductTest@561b6512]" started-at="2025-08-06T19:37:17 IST" name="aftermethod" finished-at="2025-08-06T19:37:20 IST" duration-ms="2823" status="PASS">
          <reporter-output>
          </reporter-output>
        </test-method> <!-- aftermethod -->
        <test-method is-config="true" signature="afterclass()[pri:0, instance:Product.ProductTest@561b6512]" started-at="2025-08-06T19:37:20 IST" name="afterclass" finished-at="2025-08-06T19:37:21 IST" duration-ms="1413" status="PASS">
          <reporter-output>
          </reporter-output>
        </test-method> <!-- afterclass -->
        <test-method is-config="true" signature="aftersuite()[pri:0, instance:Product.ProductTest@561b6512]" started-at="2025-08-06T19:37:42 IST" name="aftersuite" finished-at="2025-08-06T19:37:42 IST" duration-ms="0" status="PASS">
          <reporter-output>
          </reporter-output>
        </test-method> <!-- aftersuite -->
      </class> <!-- Product.ProductTest -->
      <class name="Campaign.CampaignTest">
        <test-method is-config="true" signature="beforeclass()[pri:0, instance:Campaign.CampaignTest@757277dc]" started-at="2025-08-06T19:37:21 IST" name="beforeclass" finished-at="2025-08-06T19:37:26 IST" duration-ms="4943" status="PASS">
          <reporter-output>
          </reporter-output>
        </test-method> <!-- beforeclass -->
        <test-method is-config="true" signature="beforemethod()[pri:0, instance:Campaign.CampaignTest@757277dc]" started-at="2025-08-06T19:37:26 IST" name="beforemethod" finished-at="2025-08-06T19:37:30 IST" duration-ms="3563" status="PASS">
          <reporter-output>
          </reporter-output>
        </test-method> <!-- beforemethod -->
        <test-method signature="tocreatecampaignwithexpecteddate()[pri:0, instance:Campaign.CampaignTest@757277dc]" started-at="2025-08-06T19:37:30 IST" name="tocreatecampaignwithexpecteddate" finished-at="2025-08-06T19:37:33 IST" duration-ms="3617" status="PASS">
          <reporter-output>
          </reporter-output>
        </test-method> <!-- tocreatecampaignwithexpecteddate -->
        <test-method is-config="true" signature="aftermethod()[pri:0, instance:Campaign.CampaignTest@757277dc]" started-at="2025-08-06T19:37:33 IST" name="aftermethod" finished-at="2025-08-06T19:37:35 IST" duration-ms="1684" status="PASS">
          <reporter-output>
          </reporter-output>
        </test-method> <!-- aftermethod -->
        <test-method is-config="true" signature="beforemethod()[pri:0, instance:Campaign.CampaignTest@757277dc]" started-at="2025-08-06T19:37:35 IST" name="beforemethod" finished-at="2025-08-06T19:37:38 IST" duration-ms="2769" status="PASS">
          <reporter-output>
          </reporter-output>
        </test-method> <!-- beforemethod -->
        <test-method signature="tocreatecampaignwithmftest()[pri:0, instance:Campaign.CampaignTest@757277dc]" started-at="2025-08-06T19:37:38 IST" name="tocreatecampaignwithmftest" finished-at="2025-08-06T19:37:40 IST" duration-ms="2123" status="PASS">
          <reporter-output>
          </reporter-output>
        </test-method> <!-- tocreatecampaignwithmftest -->
        <test-method is-config="true" signature="aftermethod()[pri:0, instance:Campaign.CampaignTest@757277dc]" started-at="2025-08-06T19:37:40 IST" name="aftermethod" finished-at="2025-08-06T19:37:42 IST" duration-ms="1773" status="PASS">
          <reporter-output>
          </reporter-output>
        </test-method> <!-- aftermethod -->
        <test-method is-config="true" signature="afterclass()[pri:0, instance:Campaign.CampaignTest@757277dc]" started-at="2025-08-06T19:37:42 IST" name="afterclass" finished-at="2025-08-06T19:37:42 IST" duration-ms="756" status="PASS">
          <reporter-output>
          </reporter-output>
        </test-method> <!-- afterclass -->
      </class> <!-- Campaign.CampaignTest -->
    </test> <!-- Test -->
  </suite> <!-- Suite -->
</testng-results>
